     1                                 %line 1+1 primeiro.asm
     2                                 
     3                                 
     4                                 
     5                                 
     6                                 
     7                                 
     8                                 [section .data]
     9                                 
    10                                 
    11                                 
    12                                 EXIT_SUCCESS equ 0
    13                                 SYS_exit equ 60
    14                                 
    15                                 
    16                                 
    17                                 
    18 00000000 11                     bVar1 db 17
    19 00000001 09                     bVar2 db 9
    20 00000002 00                     bResult db 0
    21                                 
    22                                 
    23                                 
    24                                 
    25 00000003 6842                   wVar1 dw 17000
    26 00000005 2823                   wVar2 dw 9000
    27 00000007 0000                   wResult dw 0
    28                                 
    29                                 
    30                                 
    31                                 
    32 00000009 40660301               dVar1 dd 17000000
    33 0000000D 40548900               dVar2 dd 9000000
    34 00000011 00000000               dResult dd 0
    35                                 
    36                                 
    37                                 
    38                                 
    39 00000015 80FE210A00000000       qVar1 dq 170000000
    40 0000001D 804A5D0500000000       qVar2 dq 90000000
    41 00000025 0000000000000000       qResult dq 0
    42                                 
    43                                 
    44                                 
    45                                 
    46                                 [section .text]
    47                                 [global _start]
    48                                 _start:
    49                                 
    50                                 
    51                                 
    52                                 
    53                                 
    54                                 
    55                                 
    56                                 
    57 00000000 8A0425[00000000]        mov al, byte [bVar1]
    58 00000007 020425[00000000]        add al, byte [bVar2]
    59 0000000E 880425[00000000]        mov byte [bResult], al
    60                                 
    61                                 
    62                                 
    63                                 
    64                                 
    65 00000015 668B0425[00000000]      mov ax, word [wVar1]
    66 0000001D 66030425[00000000]      add ax, word [wVar2]
    67 00000025 66890425[00000000]      mov word [wResult], ax
    68                                 
    69                                 
    70                                 
    71                                 
    72                                 
    73 0000002D 8B0425[00000000]        mov eax, dword [dVar1]
    74 00000034 030425[00000000]        add eax, dword [dVar2]
    75 0000003B 890425[00000000]        mov dword [dResult], eax
    76                                 
    77                                 
    78                                 
    79                                 
    80                                 
    81 00000042 488B0425[00000000]      mov rax, qword [qVar1]
    82 0000004A 48030425[00000000]      add rax, qword [qVar2]
    83 00000052 48890425[00000000]      mov qword [qResult], rax
    84                                 
    85                                 
    86                                 
    87                                 
    88                                 last:
    89 0000005A 48C7C03C000000          mov rax, SYS_exit
    90 00000061 48C7C700000000          mov rdi, EXIT_SUCCESS
    91 00000068 0F05                    syscall
